  game.cpp
C:\Users\23733\Desktop\Desk\Studies\C&Cpp项目\扫雷\game.cpp(20,3): error C2665: “loadimage”: 没有重载函数可以转换所有参数类型
      C:\Program Files\Microsoft Visual Studio\2022\Community\VC\Auxiliary\VS\include\easyx.h(258,6):
      可能是“void loadimage(IMAGE *,LPCTSTR,int,int,bool)”
          C:\Users\23733\Desktop\Desk\Studies\C&Cpp项目\扫雷\game.cpp(20,3):
          “void loadimage(IMAGE *,LPCTSTR,int,int,bool)”: 无法将参数 2 从“char [80]”转换为“LPCTSTR”
              C:\Users\23733\Desktop\Desk\Studies\C&Cpp项目\扫雷\game.cpp(20,23):
              指向的类型不相关; 转换需要 reinterpret_cast、C 样式强制转换或带圆括号的函数样式强制转换
      C:\Users\23733\Desktop\Desk\Studies\C&Cpp项目\扫雷\game.cpp(20,3):
      尝试匹配参数列表“(IMAGE *, char [80])”时
  
C:\Users\23733\Desktop\Desk\Studies\C&Cpp项目\扫雷\game.cpp(237,15): error C2664: “int MessageBoxW(HWND,LPCWSTR,LPCWSTR,UINT)”: 无法将参数 2 从“const char [26]”转换为“LPCWSTR”
      C:\Users\23733\Desktop\Desk\Studies\C&Cpp项目\扫雷\game.cpp(237,37):
      指向的类型不相关; 转换需要 reinterpret_cast、C 样式强制转换或带圆括号的函数样式强制转换
      C:\Program Files (x86)\Windows Kits\10\Include\10.0.22621.0\um\winuser.h(9180,1):
      参见“MessageBoxW”的声明
      C:\Users\23733\Desktop\Desk\Studies\C&Cpp项目\扫雷\game.cpp(237,15):
      尝试匹配参数列表“(HWND, const char [26], const char [7], long)”时
  
C:\Users\23733\Desktop\Desk\Studies\C&Cpp项目\扫雷\game.cpp(259,12): error C2664: “int MessageBoxW(HWND,LPCWSTR,LPCWSTR,UINT)”: 无法将参数 2 从“const char [57]”转换为“LPCWSTR”
      C:\Users\23733\Desktop\Desk\Studies\C&Cpp项目\扫雷\game.cpp(259,34):
      指向的类型不相关; 转换需要 reinterpret_cast、C 样式强制转换或带圆括号的函数样式强制转换
      C:\Program Files (x86)\Windows Kits\10\Include\10.0.22621.0\um\winuser.h(9180,1):
      参见“MessageBoxW”的声明
      C:\Users\23733\Desktop\Desk\Studies\C&Cpp项目\扫雷\game.cpp(259,12):
      尝试匹配参数列表“(HWND, const char [57], const char [10], long)”时
  
C:\Users\23733\Desktop\Desk\Studies\C&Cpp项目\扫雷\game.cpp(270,12): error C2664: “int MessageBoxW(HWND,LPCWSTR,LPCWSTR,UINT)”: 无法将参数 2 从“const char [58]”转换为“LPCWSTR”
      C:\Users\23733\Desktop\Desk\Studies\C&Cpp项目\扫雷\game.cpp(270,34):
      指向的类型不相关; 转换需要 reinterpret_cast、C 样式强制转换或带圆括号的函数样式强制转换
      C:\Program Files (x86)\Windows Kits\10\Include\10.0.22621.0\um\winuser.h(9180,1):
      参见“MessageBoxW”的声明
      C:\Users\23733\Desktop\Desk\Studies\C&Cpp项目\扫雷\game.cpp(270,12):
      尝试匹配参数列表“(HWND, const char [58], const char [10], long)”时
  
